[0504/220450:ERROR:process_reader_win.cc(142)] SuspendThread: 拒绝访问。 (0x5)
[0504/220450:ERROR:process_reader_win.cc(142)] SuspendThread: 拒绝访问。 (0x5)
[0504/220450:ERROR:process_reader_win.cc(142)] SuspendThread: 拒绝访问。 (0x5)
[0504/220450:ERROR:process_reader_win.cc(142)] SuspendThread: 拒绝访问。 (0x5)
[0504/220450:ERROR:process_reader_win.cc(142)] SuspendThread: 拒绝访问。 (0x5)
[0504/220450:ERROR:process_reader_win.cc(142)] SuspendThread: 拒绝访问。 (0x5)
[0504/220535:ERROR:process_reader_win.cc(142)] SuspendThread: 拒绝访问。 (0x5)
[0504/220535:ERROR:process_reader_win.cc(142)] SuspendThread: 拒绝访问。 (0x5)
[0504/220535:ERROR:process_reader_win.cc(142)] SuspendThread: 拒绝访问。 (0x5)
[0504/220547:ERROR:scoped_process_suspend.cc(30)] NtSuspendProcess: 已尝试访问正在退出的过程。  (0xc000010a)
[0504/220547:ERROR:process_info.cc(103)] ReadProcessMemory bool __cdecl crashpad::`anonymous-namespace'::ReadStruct<struct crashpad::process_types::PEB<struct crashpad::process_types::internal::Traits32>>(void *,unsigned __int64,struct crashpad::process_types::PEB<struct crashpad::process_types::internal::Traits32> *): 仅完成部分的 ReadProcessMemory 或 WriteProcessMemory 请求。 (0x12B)
[0504/220547:ERROR:process_info.cc(542)] ReadProcessData failed
[0504/220547:ERROR:process_reader_win.cc(233)] ReadMemory at 0xde1bfc of 12 bytes failed: 仅完成部分的 ReadProcessMemory 或 WriteProcessMemory 请求。 (0x12B)
[0504/220547:WARNING:process_snapshot_win.cc(68)] ReadMemory ExceptionInformation failed
[0504/220547:WARNING:crash_report_exception_handler.cc(56)] ProcessSnapshotWin::Initialize failed
[0504/220547:ERROR:scoped_process_suspend.cc(30)] NtSuspendProcess: 已尝试访问正在退出的过程。  (0xc000010a)
[0504/220547:ERROR:process_info.cc(103)] ReadProcessMemory bool __cdecl crashpad::`anonymous-namespace'::ReadStruct<struct crashpad::process_types::PEB<struct crashpad::process_types::internal::Traits32>>(void *,unsigned __int64,struct crashpad::process_types::PEB<struct crashpad::process_types::internal::Traits32> *): 仅完成部分的 ReadProcessMemory 或 WriteProcessMemory 请求。 (0x12B)
[0504/220547:ERROR:process_info.cc(542)] ReadProcessData failed
[0504/220547:ERROR:process_reader_win.cc(233)] ReadMemory at 0xde1bfc of 12 bytes failed: 仅完成部分的 ReadProcessMemory 或 WriteProcessMemory 请求。 (0x12B)
[0504/220547:WARNING:process_snapshot_win.cc(68)] ReadMemory ExceptionInformation failed
[0504/220547:WARNING:crash_report_exception_handler.cc(56)] ProcessSnapshotWin::Initialize failed
[0504/220547:ERROR:process_reader_win.cc(233)] ReadMemory at 0x766000 of 40960 bytes failed: 仅完成部分的 ReadProcessMemory 或 WriteProcessMemory 请求。 (0x12B)
[0504/220547:ERROR:crash_report_exception_handler.cc(98)] WriteEverything failed
[0504/220547:ERROR:scoped_process_suspend.cc(38)] NtResumeProcess: 已尝试访问正在退出的过程。  (0xc000010a)
[0504/220547:ERROR:process_reader_win.cc(233)] ReadMemory at 0xaf6000 of 40960 bytes failed: 仅完成部分的 ReadProcessMemory 或 WriteProcessMemory 请求。 (0x12B)
[0504/220547:ERROR:crash_report_exception_handler.cc(98)] WriteEverything failed
[0504/220547:ERROR:scoped_process_suspend.cc(38)] NtResumeProcess: 已尝试访问正在退出的过程。  (0xc000010a)
[0504/220717:ERROR:process_reader_win.cc(142)] SuspendThread: 拒绝访问。 (0x5)
[0504/220717:ERROR:process_reader_win.cc(142)] SuspendThread: 拒绝访问。 (0x5)
[0504/220717:ERROR:process_reader_win.cc(142)] SuspendThread: 拒绝访问。 (0x5)
[0504/220721:ERROR:scoped_process_suspend.cc(30)] NtSuspendProcess: 已尝试访问正在退出的过程。  (0xc000010a)
[0504/220721:ERROR:process_info.cc(103)] ReadProcessMemory bool __cdecl crashpad::`anonymous-namespace'::ReadStruct<struct crashpad::process_types::PEB<struct crashpad::process_types::internal::Traits32>>(void *,unsigned __int64,struct crashpad::process_types::PEB<struct crashpad::process_types::internal::Traits32> *): 仅完成部分的 ReadProcessMemory 或 WriteProcessMemory 请求。 (0x12B)
[0504/220721:ERROR:process_info.cc(542)] ReadProcessData failed
[0504/220721:ERROR:process_reader_win.cc(233)] ReadMemory at 0xde1bfc of 12 bytes failed: 仅完成部分的 ReadProcessMemory 或 WriteProcessMemory 请求。 (0x12B)
[0504/220721:WARNING:process_snapshot_win.cc(68)] ReadMemory ExceptionInformation failed
[0504/220721:WARNING:crash_report_exception_handler.cc(56)] ProcessSnapshotWin::Initialize failed
